<?xml version="1.0" encoding="UTF-8"?>
<!-- Generated by org.testng.reporters.JUnitReportReporter -->
<testsuite hostname="admin-PC" name="TestClasses.NewTest" tests="1" failures="0" timestamp="25 Sep 2014 06:17:57 GMT" time="0.009" errors="0">
  <testcase name="f" time="0.009" classname="TestClasses.NewTest"/>
</testsuite> <!-- TestClasses.NewTest -->
