<?xml version="1.0" encoding="UTF-8"?>
<!-- Generated by org.testng.reporters.JUnitReportReporter -->
<testsuite hostname="admin-PC" name="TestClasses.HeaderLinks" tests="1" failures="0" timestamp="26 Sep 2014 08:19:23 GMT" time="59.903" errors="0">
  <testcase name="Test1" time="59.903" classname="TestClasses.HeaderLinks"/>
</testsuite> <!-- TestClasses.HeaderLinks -->
