<?xml version="1.0" encoding="UTF-8"?>
<!-- Generated by org.testng.reporters.JUnitReportReporter -->
<testsuite hostname="admin-PC" name="TestClasses.SwappingRupees" tests="1" failures="0" timestamp="26 Sep 2014 08:19:23 GMT" time="29.155" errors="0">
  <testcase name="Test6" time="29.155" classname="TestClasses.SwappingRupees"/>
</testsuite> <!-- TestClasses.SwappingRupees -->
