<?xml version="1.0" encoding="UTF-8"?>
<!-- Generated by org.testng.reporters.JUnitReportReporter -->
<testsuite hostname="admin-PC" name="TestClasses.SliderBarChecking" tests="1" failures="0" timestamp="26 Sep 2014 08:19:23 GMT" time="49.591" errors="0">
  <testcase name="Test5" time="49.591" classname="TestClasses.SliderBarChecking"/>
</testsuite> <!-- TestClasses.SliderBarChecking -->
