<?xml version="1.0" encoding="UTF-8"?>
<!-- Generated by org.testng.reporters.JUnitReportReporter -->
<testsuite hostname="admin-PC" name="TestClasses.UserLogin" tests="1" failures="0" timestamp="26 Sep 2014 08:19:23 GMT" time="12.565" errors="0">
  <testcase name="f" time="12.565" classname="TestClasses.UserLogin"/>
</testsuite> <!-- TestClasses.UserLogin -->
