<?xml version="1.0" encoding="UTF-8"?>
<!-- Generated by org.testng.reporters.JUnitReportReporter -->
<testsuite hostname="admin-PC" name="TestClasses.EnteringDataFromxls" tests="1" failures="0" timestamp="26 Sep 2014 08:19:23 GMT" time="26.951" errors="0">
  <testcase name="Test4" time="26.951" classname="TestClasses.EnteringDataFromxls"/>
</testsuite> <!-- TestClasses.EnteringDataFromxls -->
