<?xml version="1.0" encoding="UTF-8"?>
<!-- Generated by org.testng.reporters.JUnitReportReporter -->
<testsuite hostname="admin-PC" name="TestClasses.FooterLinks" tests="1" failures="0" timestamp="26 Sep 2014 08:19:23 GMT" time="72.647" errors="0">
  <testcase name="f" time="72.647" classname="TestClasses.FooterLinks"/>
</testsuite> <!-- TestClasses.FooterLinks -->
